Arguments: 
  /Applications/Hyper.app/Contents/MacOS/Hyper /Applications/Hyper.app/Contents/Resources/bin/yarn-standalone.js install --no-emoji --no-lockfile --cache-folder /Users/alexisvincent/.hyper_plugins/cache

PATH: 
  undefined

Yarn version: 
  0.24.6

Node version: 
  7.9.0

Platform: 
  darwin x64

npm manifest: 
  {
    "name": "hyper-plugins",
    "description": "Auto-generated from `~/.hyper.js`!",
    "private": true,
    "version": "0.0.1",
    "repository": "zeit/hyper",
    "license": "MIT",
    "homepage": "https://hyper.is",
    "dependencies": {
      "hyperterm-atom-dark": "latest",
      "hyperterm-overlay": "latest",
      "hyper-startup": "latest"
    }
  }

yarn manifest: 
  No manifest

Lockfile: 
  No lockfile

Trace: 
  Error: getaddrinfo ENOTFOUND registry.yarnpkg.com registry.yarnpkg.com:443
      at errnoException (dns.js:28:10)
      at GetAddrInfoReqWrap.onlookup [as oncomplete] (dns.js:73:26)
